-------------------------------------------------------------------------------
Test set: TestSuite
-------------------------------------------------------------------------------
Tests run: 1, Failures: 1, Errors: 0, Skipped: 0, Time elapsed: 20.031 sec <<< FAILURE! - in TestSuite
testAboutProject(footer.FooterLinks)  Time elapsed: 4.664 sec  <<< FAILURE!
java.lang.AssertionError: Expected "false" but saw "true" instead
	at footer.FooterLinks.testAboutProject(FooterLinks.java:43)

