<?xml version="1.0" encoding="UTF-8"?>
<testsuite xmlns:xsi="http://www.w3.org/2001/XMLSchema-instance" xsi:schemaLocation="https://maven.apache.org/surefire/maven-surefire-plugin/xsd/surefire-test-report.xsd" name="TestSuite" time="4.536" tests="7" errors="0" skipped="6" failures="1">
  <properties>
[...]
</properties>
  <testcase name="login" classname="profileSettings.ChangeProfileSettings" time="4.252">
    <failure message="&#10;Method login requires 2 parameters but 0 were supplied in the @Configuration annotation." type="org.testng.TestNGException">org.testng.TestNGException: 

Method login requires 2 parameters but 0 were supplied in the @Configuration annotation.
</failure>
    <system-err><![CDATA[Starting ChromeDriver 2.21.371459 (36d3d07f660ff2bc1bf28a75d1cdabed0983e7c4) on port 9420
Only local connections are allowed.
]]></system-err>
  </testcase>
  <testcase name="login" classname="profileSettings.ChangeProfileSettings" time="0">
    <skipped/>
  </testcase>
  <testcase name="changeGenderToFemale" classname="profileSettings.ChangeProfileSettings" time="0">
    <skipped/>
  </testcase>
  <testcase name="logout" classname="profileSettings.ChangeProfileSettings" time="0">
    <skipped/>
  </testcase>
  <testcase name="logout" classname="profileSettings.ChangeProfileSettings" time="0">
    <skipped/>
  </testcase>
  <testcase name="changeGenderToMale" classname="profileSettings.ChangeProfileSettings" time="0">
    <skipped/>
  </testcase>
  <testcase name="tearDown" classname="profileSettings.ChangeProfileSettings" time="0">
    <skipped/>
  </testcase>
</testsuite>